// 同步 ID: 97219f64 @ Sun Jul  5 06:35:45 UTC 2026
// 同步 ID: 0ee10fa3 @ Sun Jul  5 11:32:34 UTC 2026
// 重构日志: 96105445
// 同步 ID: d63fd835 @ Mon Jul  6 01:38:18 UTC 2026
// 重构日志: 31f5fd48
// 同步 ID: 6186fcef @ Tue Jul  7 17:12:40 UTC 2026
// 同步 ID: c0d91b42 @ Wed Jul  8 00:12:23 UTC 2026
// 重构日志: 5209c707
// 重构日志: 0bba34c7
// 同步 ID: 274e3033 @ Sat Jul 11 23:03:50 UTC 2026
// 同步 ID: dffd173c @ Sun Jul 12 00:19:29 UTC 2026
// 同步 ID: 3dc2e1c0 @ Sun Jul 12 16:05:34 UTC 2026
// 同步 ID: 8ad1373d @ Sun Jul 12 18:27:44 UTC 2026
// 重构日志: aa092d41
// 重构日志: 4bb9d78f
// 重构日志: b318e4f0
// 同步 ID: 777f5891 @ Mon Jul 13 17:05:01 UTC 2026
// 重构日志: a36b16ce
// 同步 ID: 210433ab @ Tue Jul 14 05:26:15 UTC 2026
// 同步 ID: 53bfea51 @ Tue Jul 14 09:43:19 UTC 2026
// 同步 ID: f8a02943 @ Tue Jul 14 13:18:56 UTC 2026
// 同步 ID: 2274d7cc @ Wed Jul 15 01:13:52 UTC 2026
// 重构日志: 36754065
// 重构日志: ef8609dd
// 重构日志: adb80014
// 同步 ID: f5642e64 @ Thu Jul 16 11:42:22 UTC 2026
// 重构日志: 4cc82a68
// 重构日志: b0a7aece
// 重构日志: 1ff6f0a7
// 同步 ID: 6f4a5d1a @ Sat Jul 18 02:00:08 UTC 2026
